<?xml version="1.0" encoding="UTF-8"?>
<!-- Generated by org.testng.reporters.JUnitReportReporter -->
<testsuite hostname="Admin-PC" name="ATH.ATHDemo.Maventest" tests="2" failures="0" timestamp="19 Apr 2015 14:27:24 GMT" time="0.001" errors="0">
  <testcase name="logout" time="0.000" classname="ATH.ATHDemo.Maventest"/>
  <testcase name="login" time="0.001" classname="ATH.ATHDemo.Maventest"/>
</testsuite>
